2020-12-07T21:42:38.868Z|info : amplify update auth  
2020-12-07T21:44:26.699Z|info : amplify push core  
2020-12-07T21:44:42.374Z|info : amplify-provider-awscloudformation.zip-util.downloadZip.s3.getFile([{"Key":"[***]rent-[***]ud-[***]d.zip"},null])
2020-12-07T21:44:42.381Z|info : amplify-provider-awscloudformation.aws-s3.s3.getFile([{"Key":"[***]rent-[***]ud-[***]d.zip","Bucket":"[***]ify-[***]snet-[***]ing-[***]634-[***]ment"}])
2020-12-07T21:44:43.514Z|info : amplify-provider-awscloudformation.initialize-env.run.cfn.updateamplifyMetaFileWithStackOutputs([{"StackName":"[***]ify-[***]snet-[***]ing-[***]634"}])
2020-12-07T21:44:43.527Z|info : amplify-provider-awscloudformation.aws-cfn.updateamplifyMetaFileWithStackOutputs.cfn.describeStackResources([{"StackName":"[***]ify-[***]snet-[***]ing-[***]634"}])
2020-12-07T21:44:43.704Z|info : amplify-provider-awscloudformation.aws-cfn.describeStack.cfn.describeStacks([{"StackName":"[***]rmation:eu-[***]ral-[***]37:stack/[***]ify-[***]snet-[***]ing-[***]634-[***]b8616f41-[***]EBWF3L/[***]a2d0-[***]6e-[***]eb-[***]cb-[***]3973c"}])
2020-12-07T21:44:43.707Z|info : amplify-provider-awscloudformation.aws-cfn.describeStack.cfn.describeStacks([{"StackName":"[***]rmation:eu-[***]ral-[***]37:stack/[***]ify-[***]snet-[***]ing-[***]634-[***]etfd4d8edf-[***]HIOMJ/[***]6500-[***]6a-[***]eb-[***]53-[***]80b0c"}])
2020-12-07T21:44:43.925Z|info : amplify-provider-awscloudformation.aws-s3.s3.getFile([{"Key":"[***]ify-[***]json","Bucket":"[***]ify-[***]snet-[***]ing-[***]634-[***]ment"}])
2020-12-07T21:44:54.385Z|info : amplify-provider-awscloudformation.aws-s3.uploadFile.s3.putObject([{"Key":"[***]ify-[***]fn-[***]ates/[***]th/[***]8616f41-[***]mation-[***]e.yml","Bucket":"[***]ify-[***]snet-[***]ing-[***]634-[***]ment"}])
2020-12-07T21:44:56.084Z|info : amplify-provider-awscloudformation.push-resources.updateCloudFormationNestedStack(["C:\\Users\\hukus\\projects\\hukusnet\\amplify\\backend\\awscloudformation","C:\\Users\\hukus\\projects\\hukusnet\\amplify\\backend\\awscloudformation\\nested-cloudformation-stack.yml"])
2020-12-07T21:44:56.105Z|info : amplify-provider-awscloudformation.aws-cfn.updateResourceStack.s3.uploadFile([{}])
2020-12-07T21:44:56.106Z|info : amplify-provider-awscloudformation.aws-s3.uploadFile.s3.putObject([{"Key":"[***]ted-[***]mation-[***].yml","Bucket":"[***]ify-[***]snet-[***]ing-[***]634-[***]ment"}])
2020-12-07T21:44:56.294Z|info : amplify-provider-awscloudformation.aws-cfn.updateResourceStack.describeStack([{"StackName":"[***]ify-[***]snet-[***]ing-[***]634"}])
2020-12-07T21:44:56.294Z|info : amplify-provider-awscloudformation.aws-cfn.describeStack.cfn.describeStacks([{"StackName":"[***]ify-[***]snet-[***]ing-[***]634"}])
2020-12-07T21:44:56.442Z|info : amplify-provider-awscloudformation.aws-cfn.updateResourceStack.updateStack([{"StackName":"[***]ify-[***]snet-[***]ing-[***]634"}])
2020-12-07T21:48:05.069Z|info : amplify status core  
2020-12-07T21:52:13.670Z|info : amplify push core  
2020-12-07T21:52:29.716Z|info : amplify-provider-awscloudformation.zip-util.downloadZip.s3.getFile([{"Key":"[***]rent-[***]ud-[***]d.zip"},null])
2020-12-07T21:52:29.724Z|info : amplify-provider-awscloudformation.aws-s3.s3.getFile([{"Key":"[***]rent-[***]ud-[***]d.zip","Bucket":"[***]ify-[***]snet-[***]ing-[***]634-[***]ment"}])
2020-12-07T21:52:30.861Z|info : amplify-provider-awscloudformation.initialize-env.run.cfn.updateamplifyMetaFileWithStackOutputs([{"StackName":"[***]ify-[***]snet-[***]ing-[***]634"}])
2020-12-07T21:52:30.873Z|info : amplify-provider-awscloudformation.aws-cfn.updateamplifyMetaFileWithStackOutputs.cfn.describeStackResources([{"StackName":"[***]ify-[***]snet-[***]ing-[***]634"}])
2020-12-07T21:52:31.054Z|info : amplify-provider-awscloudformation.aws-cfn.describeStack.cfn.describeStacks([{"StackName":"[***]rmation:eu-[***]ral-[***]37:stack/[***]ify-[***]snet-[***]ing-[***]634-[***]b8616f41-[***]EBWF3L/[***]a2d0-[***]6e-[***]eb-[***]cb-[***]3973c"}])
2020-12-07T21:52:31.057Z|info : amplify-provider-awscloudformation.aws-cfn.describeStack.cfn.describeStacks([{"StackName":"[***]rmation:eu-[***]ral-[***]37:stack/[***]ify-[***]snet-[***]ing-[***]634-[***]etfd4d8edf-[***]HIOMJ/[***]6500-[***]6a-[***]eb-[***]53-[***]80b0c"}])
2020-12-07T21:52:31.266Z|info : amplify-provider-awscloudformation.aws-s3.s3.getFile([{"Key":"[***]ify-[***]json","Bucket":"[***]ify-[***]snet-[***]ing-[***]634-[***]ment"}])
2020-12-07T21:52:42.335Z|info : amplify pull core  
2020-12-07T21:57:51.314Z|info : amplify push core  
2020-12-07T21:58:07.089Z|info : amplify-provider-awscloudformation.zip-util.downloadZip.s3.getFile([{"Key":"[***]rent-[***]ud-[***]d.zip"},null])
2020-12-07T21:58:07.097Z|info : amplify-provider-awscloudformation.aws-s3.s3.getFile([{"Key":"[***]rent-[***]ud-[***]d.zip","Bucket":"[***]ify-[***]snet-[***]ing-[***]634-[***]ment"}])
2020-12-07T21:58:08.142Z|info : amplify-provider-awscloudformation.initialize-env.run.cfn.updateamplifyMetaFileWithStackOutputs([{"StackName":"[***]ify-[***]snet-[***]ing-[***]634"}])
2020-12-07T21:58:08.147Z|info : amplify-provider-awscloudformation.aws-cfn.updateamplifyMetaFileWithStackOutputs.cfn.describeStackResources([{"StackName":"[***]ify-[***]snet-[***]ing-[***]634"}])
2020-12-07T21:58:08.328Z|info : amplify-provider-awscloudformation.aws-cfn.describeStack.cfn.describeStacks([{"StackName":"[***]rmation:eu-[***]ral-[***]37:stack/[***]ify-[***]snet-[***]ing-[***]634-[***]b8616f41-[***]EBWF3L/[***]a2d0-[***]6e-[***]eb-[***]cb-[***]3973c"}])
2020-12-07T21:58:08.332Z|info : amplify-provider-awscloudformation.aws-cfn.describeStack.cfn.describeStacks([{"StackName":"[***]rmation:eu-[***]ral-[***]37:stack/[***]ify-[***]snet-[***]ing-[***]634-[***]etfd4d8edf-[***]HIOMJ/[***]6500-[***]6a-[***]eb-[***]53-[***]80b0c"}])
2020-12-07T21:58:08.524Z|info : amplify-provider-awscloudformation.aws-s3.s3.getFile([{"Key":"[***]ify-[***]json","Bucket":"[***]ify-[***]snet-[***]ing-[***]634-[***]ment"}])
2020-12-07T22:00:53.044Z|info : amplify-provider-awscloudformation.aws-s3.uploadFile.s3.putObject([{"Key":"[***]ify-[***]fn-[***]ates/[***]th/[***]8616f41-[***]mation-[***]e.yml","Bucket":"[***]ify-[***]snet-[***]ing-[***]634-[***]ment"}])
2020-12-07T22:00:54.866Z|info : amplify-provider-awscloudformation.push-resources.updateCloudFormationNestedStack(["C:\\Users\\hukus\\projects\\hukusnet\\amplify\\backend\\awscloudformation","C:\\Users\\hukus\\projects\\hukusnet\\amplify\\backend\\awscloudformation\\nested-cloudformation-stack.yml"])
2020-12-07T22:00:54.887Z|info : amplify-provider-awscloudformation.aws-cfn.updateResourceStack.s3.uploadFile([{}])
2020-12-07T22:00:54.888Z|info : amplify-provider-awscloudformation.aws-s3.uploadFile.s3.putObject([{"Key":"[***]ted-[***]mation-[***].yml","Bucket":"[***]ify-[***]snet-[***]ing-[***]634-[***]ment"}])
2020-12-07T22:00:55.091Z|info : amplify-provider-awscloudformation.aws-cfn.updateResourceStack.describeStack([{"StackName":"[***]ify-[***]snet-[***]ing-[***]634"}])
2020-12-07T22:00:55.092Z|info : amplify-provider-awscloudformation.aws-cfn.describeStack.cfn.describeStacks([{"StackName":"[***]ify-[***]snet-[***]ing-[***]634"}])
2020-12-07T22:00:55.253Z|info : amplify-provider-awscloudformation.aws-cfn.updateResourceStack.updateStack([{"StackName":"[***]ify-[***]snet-[***]ing-[***]634"}])
2020-12-07T22:01:00.741Z|info : amplify-provider-awscloudformation.aws-cfn.getStackEvents.cfnModel.describeStackEvents([{"StackName":"[***]ify-[***]snet-[***]ing-[***]634"}])
2020-12-07T22:01:01.246Z|info : amplify-provider-awscloudformation.aws-cfn.getStackEvents.cfnModel.describeStackEvents([{"StackName":"[***]rmation:eu-[***]ral-[***]37:stack/[***]ify-[***]snet-[***]ing-[***]634/[***]86c0-[***]5f-[***]eb-[***]03-[***]d8a3a"}])
2020-12-07T22:01:05.737Z|info : amplify-provider-awscloudformation.aws-cfn.getStackEvents.cfnModel.describeStackEvents([{"StackName":"[***]ify-[***]snet-[***]ing-[***]634"}])
2020-12-07T22:01:06.240Z|info : amplify-provider-awscloudformation.aws-cfn.getStackEvents.cfnModel.describeStackEvents([{"StackName":"[***]rmation:eu-[***]ral-[***]37:stack/[***]ify-[***]snet-[***]ing-[***]634/[***]86c0-[***]5f-[***]eb-[***]03-[***]d8a3a"}])
2020-12-07T22:01:10.735Z|info : amplify-provider-awscloudformation.aws-cfn.getStackEvents.cfnModel.describeStackEvents([{"StackName":"[***]ify-[***]snet-[***]ing-[***]634"}])
2020-12-07T22:01:15.735Z|info : amplify-provider-awscloudformation.aws-cfn.getStackEvents.cfnModel.describeStackEvents([{"StackName":"[***]ify-[***]snet-[***]ing-[***]634"}])
2020-12-07T22:01:20.736Z|info : amplify-provider-awscloudformation.aws-cfn.getStackEvents.cfnModel.describeStackEvents([{"StackName":"[***]ify-[***]snet-[***]ing-[***]634"}])
2020-12-07T22:01:25.739Z|info : amplify-provider-awscloudformation.aws-cfn.getStackEvents.cfnModel.describeStackEvents([{"StackName":"[***]ify-[***]snet-[***]ing-[***]634"}])
2020-12-07T22:01:26.017Z|info : amplify-provider-awscloudformation.aws-cfn.updateamplifyMetaFileWithStackOutputs.cfn.describeStackResources([{"StackName":"[***]ify-[***]snet-[***]ing-[***]634"}])
2020-12-07T22:01:26.179Z|info : amplify-provider-awscloudformation.aws-cfn.describeStack.cfn.describeStacks([{"StackName":"[***]rmation:eu-[***]ral-[***]37:stack/[***]ify-[***]snet-[***]ing-[***]634-[***]b8616f41-[***]EBWF3L/[***]a2d0-[***]6e-[***]eb-[***]cb-[***]3973c"}])
2020-12-07T22:01:26.181Z|info : amplify-provider-awscloudformation.aws-cfn.describeStack.cfn.describeStacks([{"StackName":"[***]rmation:eu-[***]ral-[***]37:stack/[***]ify-[***]snet-[***]ing-[***]634-[***]etfd4d8edf-[***]HIOMJ/[***]6500-[***]6a-[***]eb-[***]53-[***]80b0c"}])
2020-12-07T22:01:27.360Z|info : amplify-provider-awscloudformation.push-resources.storeCurrentcoudBackend.s3.uploadFile([{"Key":"[***]rent-[***]ud-[***]d.zip"}])
2020-12-07T22:01:27.361Z|info : amplify-provider-awscloudformation.aws-s3.uploadFile.s3.putObject([{"Key":"[***]rent-[***]ud-[***]d.zip","Bucket":"[***]ify-[***]snet-[***]ing-[***]634-[***]ment"}])
2020-12-07T22:01:27.586Z|info : amplify-provider-awscloudformation.amplify-service-manager.s3.uploadFile([{"Key":"[***]ify-[***]json"}])
2020-12-07T22:01:27.589Z|info : amplify-provider-awscloudformation.aws-s3.uploadFile.s3.putObject([{"Key":"[***]ify-[***]json","Bucket":"[***]ify-[***]snet-[***]ing-[***]634-[***]ment"}])
2020-12-07T22:01:27.743Z|info : amplify-provider-awscloudformation.amplify-service-manager.s3.uploadFile([{"Key":"[***]end-[***].json"}])
2020-12-07T22:01:27.744Z|info : amplify-provider-awscloudformation.aws-s3.uploadFile.s3.putObject([{"Key":"[***]end-[***].json","Bucket":"[***]ify-[***]snet-[***]ing-[***]634-[***]ment"}])
